============================= test session starts =============================
platform win32 -- Python 3.12.0, pytest-9.0.2, pluggy-1.6.0
rootdir: E:\Repositories\slotmaxxer
configfile: pyproject.toml
plugins: anyio-4.11.0, cov-7.0.0, mock-3.15.1
collected 0 items / 1 error

=================================== ERRORS ====================================
_____________________ ERROR collecting test_edge_cases.py _____________________
ImportError while importing test module 'E:\Repositories\slotmaxxer\test_edge_cases.py'.
Hint: make sure your test modules/packages have valid Python names.
Traceback:
C:\Users\prabh\AppData\Local\Programs\Python\Python312\Lib\importlib\__init__.py:90: in import_module
    return _bootstrap._gcd_import(name[level:], package, level)
           ^^^^^^^^^^^^^^^^^^^^^^^^^^^^^^^^^^^^^^^^^^^^^^^^^^^^
test_edge_cases.py:15: in <module>
    from ai_processor import parse_availability_with_ai
ai_processor.py:5: in <module>
    from groq import Groq
E   ModuleNotFoundError: No module named 'groq'
=========================== short test summary info ===========================
ERROR test_edge_cases.py
!!!!!!!!!!!!!!!!!!! Interrupted: 1 error during collection !!!!!!!!!!!!!!!!!!!!
============================== 1 error in 0.36s ===============================
